[2025-11-26 22:52:48] INFO - User authenticated successfully: student1
[2025-11-26 22:53:38] INFO - User authenticated successfully: inst1
[2025-11-26 23:00:44] INFO - User authenticated successfully: inst1
[2025-11-27 14:06:07] INFO - User authenticated successfully: admin1
[2025-11-27 14:06:27] INFO - User authenticated successfully: student1
[2025-11-27 14:06:48] INFO - User authenticated successfully: inst1
[2025-11-27 14:07:08] INFO - User authenticated successfully: admin1
[2025-11-27 14:46:09] INFO - User authenticated successfully: admin1
[2025-11-27 14:54:57] INFO - User authenticated successfully: admin1
[2025-11-27 14:56:51] INFO - User authenticated successfully: student1
[2025-11-27 14:57:55] INFO - User authenticated successfully: inst1
[2025-11-27 14:58:51] INFO - User authenticated successfully: admin1
[2025-11-27 14:59:16] INFO - User authenticated successfully: inst1
[2025-11-27 14:59:37] INFO - User authenticated successfully: student1
[2025-11-27 15:21:31] WARN - Login attempt with non-existent username: admin
[2025-11-27 15:21:36] INFO - User authenticated successfully: admin1
[2025-11-27 15:28:33] INFO - User authenticated successfully: inst1
[2025-11-27 15:28:52] INFO - User authenticated successfully: student1
[2025-11-27 15:29:06] INFO - User authenticated successfully: admin1
[2025-11-27 15:29:26] INFO - User authenticated successfully: student1
[2025-11-27 15:30:57] INFO - User authenticated successfully: inst1
[2025-11-27 16:02:16] WARN - Invalid credentials for user: student2
[2025-11-27 16:02:17] WARN - Invalid credentials for user: student2
[2025-11-27 16:02:17] WARN - Invalid credentials for user: student2
[2025-11-27 16:02:18] WARN - Invalid credentials for user: student2
[2025-11-27 16:02:19] WARN - Invalid credentials for user: student2
[2025-11-27 16:02:22] WARN - Invalid credentials for user: student2
[2025-11-27 16:02:23] WARN - Invalid credentials for user: student2
[2025-11-27 16:02:29] WARN - Invalid credentials for user: student2
[2025-11-27 16:02:30] WARN - Invalid credentials for user: student2
[2025-11-27 16:04:32] INFO - User authenticated successfully: student2
[2025-11-27 16:07:07] WARN - Invalid credentials for user: admin1
[2025-11-27 16:07:21] INFO - User authenticated successfully: admin1
[2025-11-27 16:09:05] INFO - User authenticated successfully: student1
[2025-11-27 16:10:45] INFO - User authenticated successfully: inst1
